<aspectj>
    <weaver options="here are the options"/>
</aspectj>
