<aspectj>
	<aspects>
		<aspect name="org.eclipse.equinox.weaving.tests.TestAspectType"/>
	</aspects>
</aspectj>
