<aspectj>
	<aspects>
		<aspect name="org.eclipse.equinox.weaving.tests.TestAspectType"/>
	</aspects>
    <weaver options="here are the options"/>
</aspectj>
