<aspectj>

      <aspects>
              <aspect name="org.eclipse.equinox.weaving.tests.MyAspect"/>

              <concrete-aspect name="org.eclipse.equinox.weaving.tests.concrete.MyTracing"
                               extends="tracing.AbstractTracing"
                               precedence="com.xyz.first, *">
                <pointcut name="tracingScope" expression="within(org.maw.*)"/>
              </concrete-aspect>
      </aspects>

</aspectj>
